
Customer Number doesn't exist.
Wrongly parsed date!
Customer bestaat niet.
Wrong type.
runkeeper_activities.txt - INVALID FILENAME
Customer Number doesn't exist.
Wrongly parsed date!
Customer bestaat niet.
Wrong type.
runkeeper_activities.txt - INVALID FILENAME
Customer Number doesn't exist.
Wrongly parsed date!
Customer bestaat niet.
Wrong type.
runkeeper_activities.txt - INVALID FILENAME
Customer Number doesn't exist.
Wrongly parsed date!
Customer bestaat niet.
Wrong type.
runkeeper_activities.txt - INVALID FILENAME
Customer Number doesn't exist.
Wrongly parsed date!
Customer bestaat niet.
Wrong type.
runkeeper_activities.txt - INVALID FILENAME
Customer Number doesn't exist.
Wrongly parsed date!
Customer bestaat niet.
Wrong type.
runkeeper_activities.txt - INVALID FILENAME